<?xml version="1.0" encoding="UTF-8"?>
<testng-results ignored="0" total="2" passed="1" failed="1" skipped="0">
  <reporter-output>
    <line>
      <![CDATA[reading url from property file]]>
    </line>
    <line>
      <![CDATA[launching browser]]>
    </line>
    <line>
      <![CDATA[waiting for1000ms]]>
    </line>
    <line>
      <![CDATA[clicking on sign In button]]>
    </line>
    <line>
      <![CDATA[reading mobileNum from property file]]>
    </line>
    <line>
      <![CDATA[waiting for3000ms]]>
    </line>
    <line>
      <![CDATA[entering mobile number]]>
    </line>
    <line>
      <![CDATA[waiting for3000ms]]>
    </line>
    <line>
      <![CDATA[clicking on sign in button]]>
    </line>
    <line>
      <![CDATA[waiting for3000ms]]>
    </line>
    <line>
      <![CDATA[reading password from property file]]>
    </line>
    <line>
      <![CDATA[waiting for3000ms]]>
    </line>
    <line>
      <![CDATA[entering password]]>
    </line>
    <line>
      <![CDATA[waiting for3000ms]]>
    </line>
    <line>
      <![CDATA[clicking on submitbutton]]>
    </line>
    <line>
      <![CDATA[Handeling Popup]]>
    </line>
    <line>
      <![CDATA[clicking on ok button of Popup]]>
    </line>
    <line>
      <![CDATA[clicking on close button of Popup]]>
    </line>
    <line>
      <![CDATA[waiting for1000ms]]>
    </line>
    <line>
      <![CDATA[getting actualUserName]]>
    </line>
    <line>
      <![CDATA[Actual User Name isHi Shweta Apet]]>
    </line>
    <line>
      <![CDATA[reading username from property file]]>
    </line>
    <line>
      <![CDATA[TCvalidateuserIDsuccess ....]]>
    </line>
    <line>
      <![CDATA[waiting for1000ms]]>
    </line>
    <line>
      <![CDATA[waiting for1000ms]]>
    </line>
    <line>
      <![CDATA[logging out]]>
    </line>
    <line>
      <![CDATA[waiting for1000ms]]>
    </line>
    <line>
      <![CDATA[clicking on sign In button]]>
    </line>
    <line>
      <![CDATA[reading mobileNum from property file]]>
    </line>
    <line>
      <![CDATA[waiting for3000ms]]>
    </line>
    <line>
      <![CDATA[entering mobile number]]>
    </line>
    <line>
      <![CDATA[waiting for3000ms]]>
    </line>
    <line>
      <![CDATA[clicking on sign in button]]>
    </line>
    <line>
      <![CDATA[waiting for3000ms]]>
    </line>
    <line>
      <![CDATA[reading password from property file]]>
    </line>
    <line>
      <![CDATA[waiting for3000ms]]>
    </line>
    <line>
      <![CDATA[entering password]]>
    </line>
    <line>
      <![CDATA[waiting for3000ms]]>
    </line>
    <line>
      <![CDATA[clicking on submitbutton]]>
    </line>
    <line>
      <![CDATA[there is no popup]]>
    </line>
    <line>
      <![CDATA[waiting for1000ms]]>
    </line>
    <line>
      <![CDATA[getting acbalance]]>
    </line>
    <line>
      <![CDATA[Account Balance isRs.5,00,000.00]]>
    </line>
    <line>
      <![CDATA[TCvalidateaccountbalancefailed please try again]]>
    </line>
    <line>
      <![CDATA[waiting for500ms]]>
    </line>
    <line>
      <![CDATA[ taking ScreenShot]]>
    </line>
    <line>
      <![CDATA[waiting for1000ms]]>
    </line>
    <line>
      <![CDATA[waiting for1000ms]]>
    </line>
    <line>
      <![CDATA[logging out]]>
    </line>
    <line>
      <![CDATA[closing browser]]>
    </line>
  </reporter-output>
  <suite started-at="2022-12-15T16:42:41 IST" name="Default suite" finished-at="2022-12-15T16:43:28 IST" duration-ms="47036">
    <groups>
    </groups>
    <test started-at="2022-12-15T16:42:41 IST" name="Default test" finished-at="2022-12-15T16:43:28 IST" duration-ms="47036">
      <class name="neostoxtest1.validateNeostoxAccBalance2">
        <test-method is-config="true" signature="launchNeostox()[pri:0, instance:neostoxtest1.validateNeostoxAccBalance2@7bab3f1a]" started-at="2022-12-15T16:42:41 IST" name="launchNeostox" finished-at="2022-12-15T16:42:52 IST" duration-ms="11131" status="PASS">
          <reporter-output>
            <line>
              <![CDATA[reading url from property file]]>
            </line>
            <line>
              <![CDATA[launching browser]]>
            </line>
          </reporter-output>
        </test-method> <!-- launchNeostox -->
        <test-method is-config="true" signature="logintoNeostox()[pri:0, instance:neostoxtest1.validateNeostoxAccBalance2@7bab3f1a]" started-at="2022-12-15T16:42:52 IST" name="logintoNeostox" finished-at="2022-12-15T16:43:11 IST" duration-ms="18941" status="PASS">
          <reporter-output>
            <line>
              <![CDATA[waiting for1000ms]]>
            </line>
            <line>
              <![CDATA[clicking on sign In button]]>
            </line>
            <line>
              <![CDATA[reading mobileNum from property file]]>
            </line>
            <line>
              <![CDATA[waiting for3000ms]]>
            </line>
            <line>
              <![CDATA[entering mobile number]]>
            </line>
            <line>
              <![CDATA[waiting for3000ms]]>
            </line>
            <line>
              <![CDATA[clicking on sign in button]]>
            </line>
            <line>
              <![CDATA[waiting for3000ms]]>
            </line>
            <line>
              <![CDATA[reading password from property file]]>
            </line>
            <line>
              <![CDATA[waiting for3000ms]]>
            </line>
            <line>
              <![CDATA[entering password]]>
            </line>
            <line>
              <![CDATA[waiting for3000ms]]>
            </line>
            <line>
              <![CDATA[clicking on submitbutton]]>
            </line>
            <line>
              <![CDATA[Handeling Popup]]>
            </line>
            <line>
              <![CDATA[clicking on ok button of Popup]]>
            </line>
            <line>
              <![CDATA[clicking on close button of Popup]]>
            </line>
          </reporter-output>
        </test-method> <!-- logintoNeostox -->
        <test-method signature="validateuserID()[pri:-1, instance:neostoxtest1.validateNeostoxAccBalance2@7bab3f1a]" started-at="2022-12-15T16:43:11 IST" name="validateuserID" finished-at="2022-12-15T16:43:11 IST" duration-ms="80" status="PASS">
          <reporter-output>
            <line>
              <![CDATA[waiting for1000ms]]>
            </line>
            <line>
              <![CDATA[getting actualUserName]]>
            </line>
            <line>
              <![CDATA[Actual User Name isHi Shweta Apet]]>
            </line>
            <line>
              <![CDATA[reading username from property file]]>
            </line>
            <line>
              <![CDATA[TCvalidateuserIDsuccess ....]]>
            </line>
          </reporter-output>
        </test-method> <!-- validateuserID -->
        <test-method is-config="true" signature="logoutFromNeostox()[pri:0, instance:neostoxtest1.validateNeostoxAccBalance2@7bab3f1a]" started-at="2022-12-15T16:43:11 IST" name="logoutFromNeostox" finished-at="2022-12-15T16:43:11 IST" duration-ms="266" status="PASS">
          <reporter-output>
            <line>
              <![CDATA[waiting for1000ms]]>
            </line>
            <line>
              <![CDATA[waiting for1000ms]]>
            </line>
            <line>
              <![CDATA[logging out]]>
            </line>
          </reporter-output>
        </test-method> <!-- logoutFromNeostox -->
        <test-method is-config="true" signature="logintoNeostox()[pri:0, instance:neostoxtest1.validateNeostoxAccBalance2@7bab3f1a]" started-at="2022-12-15T16:43:11 IST" name="logintoNeostox" finished-at="2022-12-15T16:43:27 IST" duration-ms="15896" status="PASS">
          <reporter-output>
            <line>
              <![CDATA[waiting for1000ms]]>
            </line>
            <line>
              <![CDATA[clicking on sign In button]]>
            </line>
            <line>
              <![CDATA[reading mobileNum from property file]]>
            </line>
            <line>
              <![CDATA[waiting for3000ms]]>
            </line>
            <line>
              <![CDATA[entering mobile number]]>
            </line>
            <line>
              <![CDATA[waiting for3000ms]]>
            </line>
            <line>
              <![CDATA[clicking on sign in button]]>
            </line>
            <line>
              <![CDATA[waiting for3000ms]]>
            </line>
            <line>
              <![CDATA[reading password from property file]]>
            </line>
            <line>
              <![CDATA[waiting for3000ms]]>
            </line>
            <line>
              <![CDATA[entering password]]>
            </line>
            <line>
              <![CDATA[waiting for3000ms]]>
            </line>
            <line>
              <![CDATA[clicking on submitbutton]]>
            </line>
            <line>
              <![CDATA[there is no popup]]>
            </line>
          </reporter-output>
        </test-method> <!-- logintoNeostox -->
        <test-method signature="validateaccountbalance()[pri:0, instance:neostoxtest1.validateNeostoxAccBalance2@7bab3f1a]" started-at="2022-12-15T16:43:27 IST" name="validateaccountbalance" finished-at="2022-12-15T16:43:27 IST" duration-ms="64" status="FAIL">
          <exception class="java.lang.AssertionError">
            <message>
              <![CDATA[null]]>
            </message>
            <full-stacktrace>
              <![CDATA[java.lang.AssertionError: null
at org.testng.Assert.fail(Assert.java:99)
at org.testng.Assert.fail(Assert.java:106)
at neostoxtest1.validateNeostoxAccBalance2.validateaccountbalance(validateNeostoxAccBalance2.java:66)
at java.base/jdk.internal.reflect.NativeMethodAccessorImpl.invoke0(Native Method)
at java.base/jdk.internal.reflect.NativeMethodAccessorImpl.invoke(NativeMethodAccessorImpl.java:62)
at java.base/jdk.internal.reflect.DelegatingMethodAccessorImpl.invoke(DelegatingMethodAccessorImpl.java:43)
at java.base/java.lang.reflect.Method.invoke(Method.java:566)
at org.testng.internal.MethodInvocationHelper.invokeMethod(MethodInvocationHelper.java:133)
at org.testng.internal.TestInvoker.invokeMethod(TestInvoker.java:598)
at org.testng.internal.TestInvoker.invokeTestMethod(TestInvoker.java:173)
at org.testng.internal.MethodRunner.runInSequence(MethodRunner.java:46)
at org.testng.internal.TestInvoker$MethodInvocationAgent.invoke(TestInvoker.java:824)
at org.testng.internal.TestInvoker.invokeTestMethods(TestInvoker.java:146)
at org.testng.internal.TestMethodWorker.invokeTestMethods(TestMethodWorker.java:146)
at org.testng.internal.TestMethodWorker.run(TestMethodWorker.java:128)
at java.base/java.util.ArrayList.forEach(ArrayList.java:1541)
at org.testng.TestRunner.privateRun(TestRunner.java:794)
at org.testng.TestRunner.run(TestRunner.java:596)
at org.testng.SuiteRunner.runTest(SuiteRunner.java:377)
at org.testng.SuiteRunner.runSequentially(SuiteRunner.java:371)
at org.testng.SuiteRunner.privateRun(SuiteRunner.java:332)
at org.testng.SuiteRunner.run(SuiteRunner.java:276)
at org.testng.SuiteRunnerWorker.runSuite(SuiteRunnerWorker.java:53)
at org.testng.SuiteRunnerWorker.run(SuiteRunnerWorker.java:96)
at org.testng.TestNG.runSuitesSequentially(TestNG.java:1212)
at org.testng.TestNG.runSuitesLocally(TestNG.java:1134)
at org.testng.TestNG.runSuites(TestNG.java:1063)
at org.testng.TestNG.run(TestNG.java:1031)
at org.testng.remote.AbstractRemoteTestNG.run(AbstractRemoteTestNG.java:115)
at org.testng.remote.RemoteTestNG.initAndRun(RemoteTestNG.java:251)
at org.testng.remote.RemoteTestNG.main(RemoteTestNG.java:77)
]]>
            </full-stacktrace>
          </exception> <!-- java.lang.AssertionError -->
          <reporter-output>
            <line>
              <![CDATA[waiting for1000ms]]>
            </line>
            <line>
              <![CDATA[getting acbalance]]>
            </line>
            <line>
              <![CDATA[Account Balance isRs.5,00,000.00]]>
            </line>
            <line>
              <![CDATA[TCvalidateaccountbalancefailed please try again]]>
            </line>
            <line>
              <![CDATA[waiting for500ms]]>
            </line>
            <line>
              <![CDATA[ taking ScreenShot]]>
            </line>
          </reporter-output>
        </test-method> <!-- validateaccountbalance -->
        <test-method is-config="true" signature="logoutFromNeostox()[pri:0, instance:neostoxtest1.validateNeostoxAccBalance2@7bab3f1a]" started-at="2022-12-15T16:43:27 IST" name="logoutFromNeostox" finished-at="2022-12-15T16:43:28 IST" duration-ms="187" status="PASS">
          <reporter-output>
            <line>
              <![CDATA[waiting for1000ms]]>
            </line>
            <line>
              <![CDATA[waiting for1000ms]]>
            </line>
            <line>
              <![CDATA[logging out]]>
            </line>
          </reporter-output>
        </test-method> <!-- logoutFromNeostox -->
        <test-method is-config="true" signature="closeBrowser()[pri:0, instance:neostoxtest1.validateNeostoxAccBalance2@7bab3f1a]" started-at="2022-12-15T16:43:28 IST" name="closeBrowser" finished-at="2022-12-15T16:43:28 IST" duration-ms="267" status="PASS">
          <reporter-output>
            <line>
              <![CDATA[closing browser]]>
            </line>
          </reporter-output>
        </test-method> <!-- closeBrowser -->
      </class> <!-- neostoxtest1.validateNeostoxAccBalance2 -->
    </test> <!-- Default test -->
  </suite> <!-- Default suite -->
</testng-results>
